<?xml version="1.0" encoding="UTF-8"?>
<testsuite xmlns:xsi="http://www.w3.org/2001/XMLSchema-instance" xsi:noNamespaceSchemaLocation="https://maven.apache.org/surefire/maven-surefire-plugin/xsd/surefire-test-report.xsd" name="uta.cse3310.GameLogicTest" time="1.237" tests="11" errors="0" skipped="0" failures="0">
  <properties>
[...]
</properties>
  <testcase name="testCalculatePoints" classname="uta.cse3310.GameLogicTest" time="0.085"/>
  <testcase name="testGridGenerator" classname="uta.cse3310.GameLogicTest" time="0.001"/>
  <testcase name="testIsValidWord" classname="uta.cse3310.GameLogicTest" time="0"/>
  <testcase name="testCalculateFillerPercentage" classname="uta.cse3310.GameLogicTest" time="0.001"/>
  <testcase name="testCheckWord" classname="uta.cse3310.GameLogicTest" time="0.862"/>
  <testcase name="testSetWordsFromURL" classname="uta.cse3310.GameLogicTest" time="0.031"/>
  <testcase name="testGenerateFillerDensity" classname="uta.cse3310.GameLogicTest" time="0.001"/>
  <testcase name="testGameStart" classname="uta.cse3310.GameLogicTest" time="0.043"/>
  <testcase name="testCheckDiagonals" classname="uta.cse3310.GameLogicTest" time="0.001"/>
  <testcase name="testCheckColumns" classname="uta.cse3310.GameLogicTest" time="0"/>
  <testcase name="testGenerateRandomWords" classname="uta.cse3310.GameLogicTest" time="0"/>
</testsuite>